<?xml version="1.0" encoding="UTF-8"?>
<testng-results ignored="0" total="1" passed="1" failed="0" skipped="0">
  <reporter-output>
  </reporter-output>
  <suite started-at="2025-05-04T08:19:19 IST" name="Surefire suite" finished-at="2025-05-04T08:20:02 IST" duration-ms="42651">
    <groups>
    </groups>
    <test started-at="2025-05-04T08:19:19 IST" name="Surefire test" finished-at="2025-05-04T08:20:02 IST" duration-ms="42651">
      <class name="RealTimeProjectBatch1.Batch1RealTimeProject.AppTest">
        <test-method signature="shouldAnswerWithTrue()" started-at="2025-05-04T08:19:19 IST" name="shouldAnswerWithTrue" finished-at="2025-05-04T08:19:19 IST" duration-ms="12" status="PASS">
          <reporter-output>
          </reporter-output>
        </test-method> <!-- shouldAnswerWithTrue -->
      </class> <!-- RealTimeProjectBatch1.Batch1RealTimeProject.AppTest -->
    </test> <!-- Surefire test -->
  </suite> <!-- Surefire suite -->
</testng-results>
