<?xml version="1.0" encoding="UTF-8"?>
<!-- Generated by org.testng.reporters.JUnitXMLReporter -->
<testsuite ignored="2" hostname="SAURABH" failures="0" tests="2" name="Test" time="16.969" errors="0" timestamp="2025-05-03T07:52:32 IST">
  <testcase classname="testClasses.LoginTest" name="executeLoginTest" time="0.775"/>
  <testcase classname="testClasses.Extent_Report" name="demoTest" time="0.015"/>
  <testcase classname="testClasses.RegisterPatientTest" name="addPatient" time="0.0">
    <ignored/>
  </testcase> <!-- addPatient -->
  <testcase classname="utilities.BaseClass" name="@AfterTest closeBrowser" time="0.0">
    <ignored/>
  </testcase> <!-- @AfterTest closeBrowser -->
</testsuite> <!-- Test -->
